[debug] [2026-06-15T09:27:21.531Z] ----------------------------------------------------------------------
[debug] [2026-06-15T09:27:21.545Z] Command:       C:\Program Files\nodejs\node.exe C:\Users\id\AppData\Roaming\npm\node_modules\firebase-tools\lib\bin\firebase.js projects:list
[debug] [2026-06-15T09:27:21.546Z] CLI Version:   14.17.0
[debug] [2026-06-15T09:27:21.546Z] Platform:      win32
[debug] [2026-06-15T09:27:21.546Z] Node Version:  v22.19.0
[debug] [2026-06-15T09:27:21.547Z] Time:          Mon Jun 15 2026 14:57:21 GMT+0530 (India Standard Time)
[debug] [2026-06-15T09:27:21.548Z] ----------------------------------------------------------------------
[debug] 
[debug] [2026-06-15T09:27:21.551Z] >>> [apiv2][query] GET https://firebase-public.firebaseio.com/cli.json [none]
[debug] [2026-06-15T09:27:21.668Z] > command requires scopes: ["email","openid","https://www.googleapis.com/auth/cloudplatformprojects.readonly","https://www.googleapis.com/auth/firebase","https://www.googleapis.com/auth/cloud-platform"]
[debug] [2026-06-15T09:27:21.668Z] > authorizing via signed-in user (project.aswanth.2025@gmail.com)
[debug] [2026-06-15T09:27:21.674Z] Checked if tokens are valid: false, expires at: 1758650928477
[debug] [2026-06-15T09:27:21.674Z] Checked if tokens are valid: false, expires at: 1758650928477
[debug] [2026-06-15T09:27:21.675Z] > refreshing access token with scopes: []
[debug] [2026-06-15T09:27:21.678Z] >>> [apiv2][query] POST https://www.googleapis.com/oauth2/v3/token [none]
[debug] [2026-06-15T09:27:21.678Z] >>> [apiv2][body] POST https://www.googleapis.com/oauth2/v3/token [omitted]
[debug] [2026-06-15T09:27:22.033Z] <<< [apiv2][status] POST https://www.googleapis.com/oauth2/v3/token 400
[debug] [2026-06-15T09:27:22.033Z] <<< [apiv2][body] POST https://www.googleapis.com/oauth2/v3/token [omitted]
[debug] [2026-06-15T09:27:22.033Z] >>> [apiv2][query] GET https://firebase.googleapis.com/v1beta1/projects pageSize=1000
[debug] [2026-06-15T09:27:23.482Z] <<< [apiv2][status] GET https://firebase.googleapis.com/v1beta1/projects 401
[debug] [2026-06-15T09:27:23.482Z] <<< [apiv2][body] GET https://firebase.googleapis.com/v1beta1/projects [omitted]
[debug] [2026-06-15T09:27:23.482Z] Got a 401 Unauthenticated error for a call that required authentication. Refreshing tokens.
[debug] [2026-06-15T09:27:23.482Z] Checked if tokens are valid: false, expires at: 1758650928477
[debug] [2026-06-15T09:27:23.483Z] Checked if tokens are valid: false, expires at: 1758650928477
[debug] [2026-06-15T09:27:23.483Z] > refreshing access token with scopes: []
[debug] [2026-06-15T09:27:23.484Z] >>> [apiv2][query] POST https://www.googleapis.com/oauth2/v3/token [none]
[debug] [2026-06-15T09:27:23.484Z] >>> [apiv2][body] POST https://www.googleapis.com/oauth2/v3/token [omitted]
[debug] [2026-06-15T09:27:23.642Z] <<< [apiv2][status] POST https://www.googleapis.com/oauth2/v3/token 400
[debug] [2026-06-15T09:27:23.642Z] <<< [apiv2][body] POST https://www.googleapis.com/oauth2/v3/token [omitted]
[debug] [2026-06-15T09:27:23.644Z] Request to https://firebase.googleapis.com/v1beta1/projects?pageSize=1000 had HTTP Error: 401, Request had invalid authentication credentials. Expected OAuth 2 access token, login cookie or other valid authentication credential. See https://developers.google.com/identity/sign-in/web/devconsole-project.
[debug] [2026-06-15T09:27:23.906Z] <<< [apiv2][status] GET https://firebase-public.firebaseio.com/cli.json 200
[debug] [2026-06-15T09:27:23.907Z] <<< [apiv2][body] GET https://firebase-public.firebaseio.com/cli.json {"cloudBuildErrorAfter":1594252800000,"cloudBuildWarnAfter":1590019200000,"defaultNode10After":1594252800000,"minVersion":"3.0.5","node8DeploysDisabledAfter":1613390400000,"node8RuntimeDisabledAfter":1615809600000,"node8WarnAfter":1600128000000}
[debug] [2026-06-15T09:27:24.580Z] FirebaseError: Request to https://firebase.googleapis.com/v1beta1/projects?pageSize=1000 had HTTP Error: 401, Request had invalid authentication credentials. Expected OAuth 2 access token, login cookie or other valid authentication credential. See https://developers.google.com/identity/sign-in/web/devconsole-project.
    at responseToError (C:\Users\id\AppData\Roaming\npm\node_modules\firebase-tools\lib\responseToError.js:52:12)
    at RetryOperation._fn (C:\Users\id\AppData\Roaming\npm\node_modules\firebase-tools\lib\apiv2.js:312:77)
    at process.processTicksAndRejections (node:internal/process/task_queues:105:5)
[error] 
[error] Error: Failed to list Firebase projects. See firebase-debug.log for more info.
